# JRE version: OpenJDK Runtime Environment Temurin-17.0.12+7 (17.0.12+7) (build 17.0.12+7)
# Java VM: OpenJDK 64-Bit Server VM Temurin-17.0.12+7 (17.0.12+7, mixed mode, tiered, compressed oops, compressed class ptrs, parallel gc, windows-amd64)
GC Precious Log:
 CPUs: 4 total, 4 available
 Memory: 12184M
 Large Page Support: Disabled
 NUMA Support: Disabled
 Compressed Oops: Enabled (32-bit)
 Alignments: Space 512K, Generation 512K, Heap 2M
 Heap Min Capacity: 100M
 Heap Initial Capacity: 100M
 Heap Max Capacity: 2G
 Pre-touch: Disabled
 Parallel Workers: 4
Heap:
 PSYoungGen      total 10240K, used 4850K [0x00000000d5580000, 0x00000000d6280000, 0x0000000100000000)
  eden space 7168K, 34% used [0x00000000d5580000,0x00000000d57e8330,0x00000000d5c80000)
  from space 3072K, 77% used [0x00000000d5f80000,0x00000000d61d48a0,0x00000000d6280000)
  to   space 3072K, 0% used [0x00000000d5c80000,0x00000000d5c80000,0x00000000d5f80000)
 ParOldGen       total 145920K, used 138774K [0x0000000080000000, 0x0000000088e80000, 0x00000000d5580000)
  object space 145920K, 95% used [0x0000000080000000,0x0000000088785bb8,0x0000000088e80000)
 Metaspace       used 87699K, committed 89152K, reserved 1179648K
  class space    used 8860K, committed 9536K, reserved 1048576K
GC Heap History (20 events):
Event: 759.478 GC heap before
{Heap before GC invocations=1344 (full 41):
 PSYoungGen      total 9216K, used 9122K [0x00000000d5580000, 0x00000000d6100000, 0x0000000100000000)
  eden space 6656K, 100% used [0x00000000d5580000,0x00000000d5c00000,0x00000000d5c00000)
  from space 2560K, 96% used [0x00000000d5e80000,0x00000000d60e8870,0x00000000d6100000)
  to   space 2560K, 0% used [0x00000000d5c00000,0x00000000d5c00000,0x00000000d5e80000)
 ParOldGen       total 145920K, used 135853K [0x0000000080000000, 0x0000000088e80000, 0x00000000d5580000)
  object space 145920K, 93% used [0x0000000080000000,0x00000000884ab760,0x0000000088e80000)
 Metaspace       used 87693K, committed 89152K, reserved 1179648K
  class space    used 8860K, committed 9536K, reserved 1048576K
}
Event: 759.480 GC heap after
{Heap after GC invocations=1344 (full 41):
 PSYoungGen      total 9216K, used 2546K [0x00000000d5580000, 0x00000000d6200000, 0x0000000100000000)
  eden space 6656K, 0% used [0x00000000d5580000,0x00000000d5580000,0x00000000d5c00000)
  from space 2560K, 99% used [0x00000000d5c00000,0x00000000d5e7c8a0,0x00000000d5e80000)
  to   space 3072K, 0% used [0x00000000d5f00000,0x00000000d5f00000,0x00000000d6200000)
 ParOldGen       total 145920K, used 136064K [0x0000000080000000, 0x0000000088e80000, 0x00000000d5580000)
  object space 145920K, 93% used [0x0000000080000000,0x00000000884e0060,0x0000000088e80000)
 Metaspace       used 87693K, committed 89152K, reserved 1179648K
  class space    used 8860K, committed 9536K, reserved 1048576K
}
Event: 759.566 GC heap before
{Heap before GC invocations=1345 (full 41):
 PSYoungGen      total 9216K, used 9202K [0x00000000d5580000, 0x00000000d6200000, 0x0000000100000000)
  eden space 6656K, 100% used [0x00000000d5580000,0x00000000d5c00000,0x00000000d5c00000)
  from space 2560K, 99% used [0x00000000d5c00000,0x00000000d5e7c8a0,0x00000000d5e80000)
  to   space 3072K, 0% used [0x00000000d5f00000,0x00000000d5f00000,0x00000000d6200000)
 ParOldGen       total 145920K, used 136064K [0x0000000080000000, 0x0000000088e80000, 0x00000000d5580000)
  object space 145920K, 93% used [0x0000000080000000,0x00000000884e0060,0x0000000088e80000)
 Metaspace       used 87694K, committed 89152K, reserved 1179648K
  class space    used 8860K, committed 9536K, reserved 1048576K
}
Event: 759.573 GC heap after
{Heap after GC invocations=1345 (full 41):
 PSYoungGen      total 9728K, used 2950K [0x00000000d5580000, 0x00000000d6200000, 0x0000000100000000)
  eden space 6656K, 0% used [0x00000000d5580000,0x00000000d5580000,0x00000000d5c00000)
  from space 3072K, 96% used [0x00000000d5f00000,0x00000000d61e1ae0,0x00000000d6200000)
  to   space 3072K, 0% used [0x00000000d5c00000,0x00000000d5c00000,0x00000000d5f00000)
 ParOldGen       total 145920K, used 136080K [0x0000000080000000, 0x0000000088e80000, 0x00000000d5580000)
  object space 145920K, 93% used [0x0000000080000000,0x00000000884e4060,0x0000000088e80000)
 Metaspace       used 87694K, committed 89152K, reserved 1179648K
  class space    used 8860K, committed 9536K, reserved 1048576K
}
Event: 759.764 GC heap before
{Heap before GC invocations=1346 (full 41):
 PSYoungGen      total 9728K, used 9606K [0x00000000d5580000, 0x00000000d6200000, 0x0000000100000000)
  eden space 6656K, 100% used [0x00000000d5580000,0x00000000d5c00000,0x00000000d5c00000)
  from space 3072K, 96% used [0x00000000d5f00000,0x00000000d61e1ae0,0x00000000d6200000)
  to   space 3072K, 0% used [0x00000000d5c00000,0x00000000d5c00000,0x00000000d5f00000)
 ParOldGen       total 145920K, used 136080K [0x0000000080000000, 0x0000000088e80000, 0x00000000d5580000)
  object space 145920K, 93% used [0x0000000080000000,0x00000000884e4060,0x0000000088e80000)
 Metaspace       used 87694K, committed 89152K, reserved 1179648K
  class space    used 8860K, committed 9536K, reserved 1048576K
}
Event: 759.767 GC heap after
{Heap after GC invocations=1346 (full 41):
 PSYoungGen      total 9728K, used 3056K [0x00000000d5580000, 0x00000000d6300000, 0x0000000100000000)
  eden space 6656K, 0% used [0x00000000d5580000,0x00000000d5580000,0x00000000d5c00000)
  from space 3072K, 99% used [0x00000000d5c00000,0x00000000d5efc3f0,0x00000000d5f00000)
  to   space 3584K, 0% used [0x00000000d5f80000,0x00000000d5f80000,0x00000000d6300000)
 ParOldGen       total 145920K, used 136408K [0x0000000080000000, 0x0000000088e80000, 0x00000000d5580000)
  object space 145920K, 93% used [0x0000000080000000,0x0000000088536080,0x0000000088e80000)
 Metaspace       used 87694K, committed 89152K, reserved 1179648K
  class space    used 8860K, committed 9536K, reserved 1048576K
}
Event: 759.794 GC heap before
{Heap before GC invocations=1347 (full 41):
 PSYoungGen      total 9728K, used 9712K [0x00000000d5580000, 0x00000000d6300000, 0x0000000100000000)
  eden space 6656K, 100% used [0x00000000d5580000,0x00000000d5c00000,0x00000000d5c00000)
  from space 3072K, 99% used [0x00000000d5c00000,0x00000000d5efc3f0,0x00000000d5f00000)
  to   space 3584K, 0% used [0x00000000d5f80000,0x00000000d5f80000,0x00000000d6300000)
 ParOldGen       total 145920K, used 136408K [0x0000000080000000, 0x0000000088e80000, 0x00000000d5580000)
  object space 145920K, 93% used [0x0000000080000000,0x0000000088536080,0x0000000088e80000)
 Metaspace       used 87694K, committed 89152K, reserved 1179648K
  class space    used 8860K, committed 9536K, reserved 1048576K
}
Event: 759.798 GC heap after
{Heap after GC invocations=1347 (full 41):
 PSYoungGen      total 9728K, used 3552K [0x00000000d5580000, 0x00000000d6400000, 0x0000000100000000)
  eden space 6144K, 0% used [0x00000000d5580000,0x00000000d5580000,0x00000000d5b80000)
  from space 3584K, 99% used [0x00000000d5f80000,0x00000000d62f83c0,0x00000000d6300000)
  to   space 4096K, 0% used [0x00000000d5b80000,0x00000000d5b80000,0x00000000d5f80000)
 ParOldGen       total 145920K, used 136921K [0x0000000080000000, 0x0000000088e80000, 0x00000000d5580000)
  object space 145920K, 93% used [0x0000000080000000,0x00000000885b6518,0x0000000088e80000)
 Metaspace       used 87694K, committed 89152K, reserved 1179648K
  class space    used 8860K, committed 9536K, reserved 1048576K
}
Event: 761.219 GC heap before
{Heap before GC invocations=1348 (full 41):
 PSYoungGen      total 9728K, used 9696K [0x00000000d5580000, 0x00000000d6400000, 0x0000000100000000)
  eden space 6144K, 100% used [0x00000000d5580000,0x00000000d5b80000,0x00000000d5b80000)
  from space 3584K, 99% used [0x00000000d5f80000,0x00000000d62f83c0,0x00000000d6300000)
  to   space 4096K, 0% used [0x00000000d5b80000,0x00000000d5b80000,0x00000000d5f80000)
 ParOldGen       total 145920K, used 136921K [0x0000000080000000, 0x0000000088e80000, 0x00000000d5580000)
  object space 145920K, 93% used [0x0000000080000000,0x00000000885b6518,0x0000000088e80000)
 Metaspace       used 87694K, committed 89152K, reserved 1179648K
  class space    used 8860K, committed 9536K, reserved 1048576K
}
Event: 761.227 GC heap after
{Heap after GC invocations=1348 (full 41):
 PSYoungGen      total 9728K, used 3120K [0x00000000d5580000, 0x00000000d6280000, 0x0000000100000000)
  eden space 6144K, 0% used [0x00000000d5580000,0x00000000d5580000,0x00000000d5b80000)
  from space 3584K, 87% used [0x00000000d5b80000,0x00000000d5e8c3d0,0x00000000d5f00000)
  to   space 3584K, 0% used [0x00000000d5f00000,0x00000000d5f00000,0x00000000d6280000)
 ParOldGen       total 145920K, used 136921K [0x0000000080000000, 0x0000000088e80000, 0x00000000d5580000)
  object space 145920K, 93% used [0x0000000080000000,0x00000000885b6518,0x0000000088e80000)
 Metaspace       used 87694K, committed 89152K, reserved 1179648K
  class space    used 8860K, committed 9536K, reserved 1048576K
}
Event: 761.249 GC heap before
{Heap before GC invocations=1349 (full 41):
 PSYoungGen      total 9728K, used 9264K [0x00000000d5580000, 0x00000000d6280000, 0x0000000100000000)
  eden space 6144K, 99% used [0x00000000d5580000,0x00000000d5b7ffe0,0x00000000d5b80000)
  from space 3584K, 87% used [0x00000000d5b80000,0x00000000d5e8c3d0,0x00000000d5f00000)
  to   space 3584K, 0% used [0x00000000d5f00000,0x00000000d5f00000,0x00000000d6280000)
 ParOldGen       total 145920K, used 136921K [0x0000000080000000, 0x0000000088e80000, 0x00000000d5580000)
  object space 145920K, 93% used [0x0000000080000000,0x00000000885b6518,0x0000000088e80000)
 Metaspace       used 87694K, committed 89152K, reserved 1179648K
  class space    used 8860K, committed 9536K, reserved 1048576K
}
Event: 761.252 GC heap after
{Heap after GC invocations=1349 (full 41):
 PSYoungGen      total 9728K, used 3285K [0x00000000d5580000, 0x00000000d6280000, 0x0000000100000000)
  eden space 6144K, 0% used [0x00000000d5580000,0x00000000d5580000,0x00000000d5b80000)
  from space 3584K, 91% used [0x00000000d5f00000,0x00000000d62355c0,0x00000000d6280000)
  to   space 3584K, 0% used [0x00000000d5b80000,0x00000000d5b80000,0x00000000d5f00000)
 ParOldGen       total 145920K, used 136921K [0x0000000080000000, 0x0000000088e80000, 0x00000000d5580000)
  object space 145920K, 93% used [0x0000000080000000,0x00000000885b6518,0x0000000088e80000)
 Metaspace       used 87694K, committed 89152K, reserved 1179648K
  class space    used 8860K, committed 9536K, reserved 1048576K
}
Event: 761.272 GC heap before
{Heap before GC invocations=1350 (full 41):
 PSYoungGen      total 9728K, used 9429K [0x00000000d5580000, 0x00000000d6280000, 0x0000000100000000)
  eden space 6144K, 100% used [0x00000000d5580000,0x00000000d5b80000,0x00000000d5b80000)
  from space 3584K, 91% used [0x00000000d5f00000,0x00000000d62355c0,0x00000000d6280000)
  to   space 3584K, 0% used [0x00000000d5b80000,0x00000000d5b80000,0x00000000d5f00000)
 ParOldGen       total 145920K, used 136921K [0x0000000080000000, 0x0000000088e80000, 0x00000000d5580000)
  object space 145920K, 93% used [0x0000000080000000,0x00000000885b6518,0x0000000088e80000)
 Metaspace       used 87694K, committed 89152K, reserved 1179648K
  class space    used 8860K, committed 9536K, reserved 1048576K
}
Event: 761.277 GC heap after
{Heap after GC invocations=1350 (full 41):
 PSYoungGen      total 9728K, used 3248K [0x00000000d5580000, 0x00000000d6380000, 0x0000000100000000)
  eden space 6144K, 0% used [0x00000000d5580000,0x00000000d5580000,0x00000000d5b80000)
  from space 3584K, 90% used [0x00000000d5b80000,0x00000000d5eac3d0,0x00000000d5f00000)
  to   space 3584K, 0% used [0x00000000d6000000,0x00000000d6000000,0x00000000d6380000)
 ParOldGen       total 145920K, used 136921K [0x0000000080000000, 0x0000000088e80000, 0x00000000d5580000)
  object space 145920K, 93% used [0x0000000080000000,0x00000000885b6518,0x0000000088e80000)
 Metaspace       used 87694K, committed 89152K, reserved 1179648K
  class space    used 8860K, committed 9536K, reserved 1048576K
}
Event: 767.358 GC heap before
{Heap before GC invocations=1351 (full 41):
 PSYoungGen      total 9728K, used 9392K [0x00000000d5580000, 0x00000000d6380000, 0x0000000100000000)
  eden space 6144K, 100% used [0x00000000d5580000,0x00000000d5b80000,0x00000000d5b80000)
  from space 3584K, 90% used [0x00000000d5b80000,0x00000000d5eac3d0,0x00000000d5f00000)
  to   space 3584K, 0% used [0x00000000d6000000,0x00000000d6000000,0x00000000d6380000)
 ParOldGen       total 145920K, used 136921K [0x0000000080000000, 0x0000000088e80000, 0x00000000d5580000)
  object space 145920K, 93% used [0x0000000080000000,0x00000000885b6518,0x0000000088e80000)
 Metaspace       used 87696K, committed 89152K, reserved 1179648K
  class space    used 8860K, committed 9536K, reserved 1048576K
}
Event: 767.363 GC heap after
{Heap after GC invocations=1351 (full 41):
 PSYoungGen      total 9216K, used 3051K [0x00000000d5580000, 0x00000000d6300000, 0x0000000100000000)
  eden space 6144K, 0% used [0x00000000d5580000,0x00000000d5580000,0x00000000d5b80000)
  from space 3072K, 99% used [0x00000000d6000000,0x00000000d62facf0,0x00000000d6300000)
  to   space 3584K, 0% used [0x00000000d5c00000,0x00000000d5c00000,0x00000000d5f80000)
 ParOldGen       total 145920K, used 137169K [0x0000000080000000, 0x0000000088e80000, 0x00000000d5580000)
  object space 145920K, 94% used [0x0000000080000000,0x00000000885f4518,0x0000000088e80000)
 Metaspace       used 87696K, committed 89152K, reserved 1179648K
  class space    used 8860K, committed 9536K, reserved 1048576K
}
Event: 769.022 GC heap before
{Heap before GC invocations=1352 (full 41):
 PSYoungGen      total 9216K, used 9195K [0x00000000d5580000, 0x00000000d6300000, 0x0000000100000000)
  eden space 6144K, 99% used [0x00000000d5580000,0x00000000d5b7ffd0,0x00000000d5b80000)
  from space 3072K, 99% used [0x00000000d6000000,0x00000000d62facf0,0x00000000d6300000)
  to   space 3584K, 0% used [0x00000000d5c00000,0x00000000d5c00000,0x00000000d5f80000)
 ParOldGen       total 145920K, used 137169K [0x0000000080000000, 0x0000000088e80000, 0x00000000d5580000)
  object space 145920K, 94% used [0x0000000080000000,0x00000000885f4518,0x0000000088e80000)
 Metaspace       used 87698K, committed 89152K, reserved 1179648K
  class space    used 8860K, committed 9536K, reserved 1048576K
}
Event: 769.026 GC heap after
{Heap after GC invocations=1352 (full 41):
 PSYoungGen      total 9728K, used 3583K [0x00000000d5580000, 0x00000000d6380000, 0x0000000100000000)
  eden space 6144K, 0% used [0x00000000d5580000,0x00000000d5580000,0x00000000d5b80000)
  from space 3584K, 99% used [0x00000000d5c00000,0x00000000d5f7fef0,0x00000000d5f80000)
  to   space 4096K, 0% used [0x00000000d5f80000,0x00000000d5f80000,0x00000000d6380000)
 ParOldGen       total 145920K, used 137273K [0x0000000080000000, 0x0000000088e80000, 0x00000000d5580000)
  object space 145920K, 94% used [0x0000000080000000,0x000000008860e518,0x0000000088e80000)
 Metaspace       used 87698K, committed 89152K, reserved 1179648K
  class space    used 8860K, committed 9536K, reserved 1048576K
}
Event: 769.041 GC heap before
{Heap before GC invocations=1353 (full 41):
 PSYoungGen      total 9728K, used 9727K [0x00000000d5580000, 0x00000000d6380000, 0x0000000100000000)
  eden space 6144K, 99% used [0x00000000d5580000,0x00000000d5b7fff8,0x00000000d5b80000)
  from space 3584K, 99% used [0x00000000d5c00000,0x00000000d5f7fef0,0x00000000d5f80000)
  to   space 4096K, 0% used [0x00000000d5f80000,0x00000000d5f80000,0x00000000d6380000)
 ParOldGen       total 145920K, used 137273K [0x0000000080000000, 0x0000000088e80000, 0x00000000d5580000)
  object space 145920K, 94% used [0x0000000080000000,0x000000008860e518,0x0000000088e80000)
 Metaspace       used 87698K, committed 89152K, reserved 1179648K
  class space    used 8860K, committed 9536K, reserved 1048576K
}
Event: 769.044 GC heap after
{Heap after GC invocations=1353 (full 41):
 PSYoungGen      total 10240K, used 2386K [0x00000000d5580000, 0x00000000d6280000, 0x0000000100000000)
  eden space 7168K, 0% used [0x00000000d5580000,0x00000000d5580000,0x00000000d5c80000)
  from space 3072K, 77% used [0x00000000d5f80000,0x00000000d61d48a0,0x00000000d6280000)
  to   space 3072K, 0% used [0x00000000d5c80000,0x00000000d5c80000,0x00000000d5f80000)
 ParOldGen       total 145920K, used 138774K [0x0000000080000000, 0x0000000088e80000, 0x00000000d5580000)
  object space 145920K, 95% used [0x0000000080000000,0x0000000088785bb8,0x0000000088e80000)
 Metaspace       used 87698K, committed 89152K, reserved 1179648K
  class space    used 8860K, committed 9536K, reserved 1048576K
}

